<?xml version="1.0" encoding="UTF-8"?>
<!-- Generated by org.testng.reporters.JUnitReportReporter -->
<testsuite hostname="Atul-Laptop" name="packageOne.ClassTwo" tests="1" failures="0" timestamp="23 Dec 2017 17:52:51 GMT" time="10.750" errors="0">
  <testcase name="testTwo" time="10.750" classname="packageOne.ClassTwo"/>
</testsuite> <!-- packageOne.ClassTwo -->
