<?xml version="1.0" encoding="UTF-8"?>
<!-- Generated by org.testng.reporters.JUnitReportReporter -->
<testsuite hostname="Atul-Laptop" name="packageOne.ClassOne" tests="1" failures="0" timestamp="23 Dec 2017 17:52:51 GMT" time="14.669" errors="0">
  <testcase name="testOne" time="14.669" classname="packageOne.ClassOne"/>
</testsuite> <!-- packageOne.ClassOne -->
